08-Feb-2026 18:43:30.551 INFO [main] org.apache.catalina.startup.VersionLoggerListener.log Server version name:   Apache Tomcat/10.1.39
08-Feb-2026 18:43:30.553 INFO [main] org.apache.catalina.startup.VersionLoggerListener.log Server built:          Mar 4 2025 19:02:32 UTC
08-Feb-2026 18:43:30.553 INFO [main] org.apache.catalina.startup.VersionLoggerListener.log Server version number: 10.1.39.0
08-Feb-2026 18:43:30.553 INFO [main] org.apache.catalina.startup.VersionLoggerListener.log OS Name:               Mac OS X
08-Feb-2026 18:43:30.553 INFO [main] org.apache.catalina.startup.VersionLoggerListener.log OS Version:            26.2
08-Feb-2026 18:43:30.553 INFO [main] org.apache.catalina.startup.VersionLoggerListener.log Architecture:          aarch64
08-Feb-2026 18:43:30.553 INFO [main] org.apache.catalina.startup.VersionLoggerListener.log Java Home:             /Library/Java/JavaVirtualMachines/jdk-17.jdk/Contents/Home
08-Feb-2026 18:43:30.553 INFO [main] org.apache.catalina.startup.VersionLoggerListener.log JVM Version:           17.0.14+8-LTS-191
08-Feb-2026 18:43:30.553 INFO [main] org.apache.catalina.startup.VersionLoggerListener.log JVM Vendor:            Oracle Corporation
08-Feb-2026 18:43:30.553 INFO [main] org.apache.catalina.startup.VersionLoggerListener.log CATALINA_BASE:         /Users/apache-tomcat-10.1.39
08-Feb-2026 18:43:30.553 INFO [main] org.apache.catalina.startup.VersionLoggerListener.log CATALINA_HOME:         /Users/apache-tomcat-10.1.39
08-Feb-2026 18:43:30.557 INFO [main] org.apache.catalina.startup.VersionLoggerListener.log Command line argument: -Djava.util.logging.config.file=/Users/apache-tomcat-10.1.39/conf/logging.properties
08-Feb-2026 18:43:30.557 INFO [main] org.apache.catalina.startup.VersionLoggerListener.log Command line argument: -Djava.util.logging.manager=org.apache.juli.ClassLoaderLogManager
08-Feb-2026 18:43:30.557 INFO [main] org.apache.catalina.startup.VersionLoggerListener.log Command line argument: -Xmx512M
08-Feb-2026 18:43:30.558 INFO [main] org.apache.catalina.startup.VersionLoggerListener.log Command line argument: -Xms64M
08-Feb-2026 18:43:30.558 INFO [main] org.apache.catalina.startup.VersionLoggerListener.log Command line argument: -Dfile.encoding=UTF-8
08-Feb-2026 18:43:30.558 INFO [main] org.apache.catalina.startup.VersionLoggerListener.log Command line argument: -Djdk.tls.ephemeralDHKeySize=2048
08-Feb-2026 18:43:30.558 INFO [main] org.apache.catalina.startup.VersionLoggerListener.log Command line argument: -Djava.protocol.handler.pkgs=org.apache.catalina.webresources
08-Feb-2026 18:43:30.558 INFO [main] org.apache.catalina.startup.VersionLoggerListener.log Command line argument: -Dsun.io.useCanonCaches=false
08-Feb-2026 18:43:30.558 INFO [main] org.apache.catalina.startup.VersionLoggerListener.log Command line argument: -Dorg.apache.catalina.security.SecurityListener.UMASK=0027
08-Feb-2026 18:43:30.558 INFO [main] org.apache.catalina.startup.VersionLoggerListener.log Command line argument: --add-opens=java.base/java.lang=ALL-UNNAMED
08-Feb-2026 18:43:30.558 INFO [main] org.apache.catalina.startup.VersionLoggerListener.log Command line argument: --add-opens=java.base/java.lang.reflect=ALL-UNNAMED
08-Feb-2026 18:43:30.558 INFO [main] org.apache.catalina.startup.VersionLoggerListener.log Command line argument: --add-opens=java.base/java.io=ALL-UNNAMED
08-Feb-2026 18:43:30.558 INFO [main] org.apache.catalina.startup.VersionLoggerListener.log Command line argument: --add-opens=java.base/java.util=ALL-UNNAMED
08-Feb-2026 18:43:30.558 INFO [main] org.apache.catalina.startup.VersionLoggerListener.log Command line argument: --add-opens=java.base/java.util.concurrent=ALL-UNNAMED
08-Feb-2026 18:43:30.558 INFO [main] org.apache.catalina.startup.VersionLoggerListener.log Command line argument: --add-opens=java.rmi/sun.rmi.transport=ALL-UNNAMED
08-Feb-2026 18:43:30.558 INFO [main] org.apache.catalina.startup.VersionLoggerListener.log Command line argument: -Dcatalina.base=/Users/apache-tomcat-10.1.39
08-Feb-2026 18:43:30.558 INFO [main] org.apache.catalina.startup.VersionLoggerListener.log Command line argument: -Dcatalina.home=/Users/apache-tomcat-10.1.39
08-Feb-2026 18:43:30.558 INFO [main] org.apache.catalina.startup.VersionLoggerListener.log Command line argument: -Djava.io.tmpdir=/Users/apache-tomcat-10.1.39/temp
08-Feb-2026 18:43:30.564 INFO [main] org.apache.catalina.core.AprLifecycleListener.lifecycleEvent The Apache Tomcat Native library which allows using OpenSSL was not found on the java.library.path: [/Users/abhisheksingh/Library/Java/Extensions:/Library/Java/Extensions:/Network/Library/Java/Extensions:/System/Library/Java/Extensions:/usr/lib/java:.]
08-Feb-2026 18:43:30.659 INFO [main] org.apache.coyote.AbstractProtocol.init Initializing ProtocolHandler ["http-nio-8080"]
08-Feb-2026 18:43:30.671 INFO [main] org.apache.catalina.startup.Catalina.load Server initialization in [197] milliseconds
08-Feb-2026 18:43:30.692 INFO [main] org.apache.catalina.core.StandardService.startInternal Starting service [Catalina]
08-Feb-2026 18:43:30.692 INFO [main] org.apache.catalina.core.StandardEngine.startInternal Starting Servlet engine: [Apache Tomcat/10.1.39]
08-Feb-2026 18:43:30.696 INFO [main] org.apache.catalina.startup.HostConfig.deployDirectory Deploying web application directory [/Users/apache-tomcat-10.1.39/webapps/server]
08-Feb-2026 18:43:35.297 INFO [main] org.apache.jasper.servlet.TldScanner.scanJars At least one JAR was scanned for TLDs yet contained no TLDs. Enable debug logging for this logger for a complete list of JARs that were scanned but no TLDs were found in them. Skipping unneeded JARs during scanning can improve startup time and JSP compilation time.
08-Feb-2026 18:43:46.270 INFO [main] org.apache.catalina.startup.HostConfig.deployDirectory Deployment of web application directory [/Users/apache-tomcat-10.1.39/webapps/server] has finished in [15,573] ms
08-Feb-2026 18:43:46.270 INFO [main] org.apache.catalina.startup.HostConfig.deployDirectory Deploying web application directory [/Users/apache-tomcat-10.1.39/webapps/docs]
08-Feb-2026 18:43:46.279 INFO [main] org.apache.catalina.startup.HostConfig.deployDirectory Deployment of web application directory [/Users/apache-tomcat-10.1.39/webapps/docs] has finished in [9] ms
08-Feb-2026 18:43:46.279 INFO [main] org.apache.catalina.startup.HostConfig.deployDirectory Deploying web application directory [/Users/apache-tomcat-10.1.39/webapps/manager]
08-Feb-2026 18:43:46.289 INFO [main] org.apache.catalina.startup.HostConfig.deployDirectory Deployment of web application directory [/Users/apache-tomcat-10.1.39/webapps/manager] has finished in [10] ms
08-Feb-2026 18:43:46.290 INFO [main] org.apache.catalina.startup.HostConfig.deployDirectory Deploying web application directory [/Users/apache-tomcat-10.1.39/webapps/examples]
08-Feb-2026 18:43:46.357 INFO [main] org.apache.catalina.startup.HostConfig.deployDirectory Deployment of web application directory [/Users/apache-tomcat-10.1.39/webapps/examples] has finished in [66] ms
08-Feb-2026 18:43:46.357 INFO [main] org.apache.catalina.startup.HostConfig.deployDirectory Deploying web application directory [/Users/apache-tomcat-10.1.39/webapps/ROOT]
08-Feb-2026 18:43:46.362 INFO [main] org.apache.catalina.startup.HostConfig.deployDirectory Deployment of web application directory [/Users/apache-tomcat-10.1.39/webapps/ROOT] has finished in [5] ms
08-Feb-2026 18:43:46.362 INFO [main] org.apache.catalina.startup.HostConfig.deployDirectory Deploying web application directory [/Users/apache-tomcat-10.1.39/webapps/host-manager]
08-Feb-2026 18:43:46.369 INFO [main] org.apache.catalina.startup.HostConfig.deployDirectory Deployment of web application directory [/Users/apache-tomcat-10.1.39/webapps/host-manager] has finished in [7] ms
08-Feb-2026 18:43:46.372 INFO [main] org.apache.coyote.AbstractProtocol.start Starting ProtocolHandler ["http-nio-8080"]
08-Feb-2026 18:43:46.385 INFO [main] org.apache.catalina.startup.Catalina.start Server startup in [15713] milliseconds
