25-Dec-2025 14:35:24.370 INFO [main] org.apache.catalina.startup.VersionLoggerListener.log Server version name:   Apache Tomcat/10.1.39
25-Dec-2025 14:35:24.372 INFO [main] org.apache.catalina.startup.VersionLoggerListener.log Server built:          Mar 4 2025 19:02:32 UTC
25-Dec-2025 14:35:24.372 INFO [main] org.apache.catalina.startup.VersionLoggerListener.log Server version number: 10.1.39.0
25-Dec-2025 14:35:24.372 INFO [main] org.apache.catalina.startup.VersionLoggerListener.log OS Name:               Mac OS X
25-Dec-2025 14:35:24.372 INFO [main] org.apache.catalina.startup.VersionLoggerListener.log OS Version:            26.1
25-Dec-2025 14:35:24.372 INFO [main] org.apache.catalina.startup.VersionLoggerListener.log Architecture:          aarch64
25-Dec-2025 14:35:24.372 INFO [main] org.apache.catalina.startup.VersionLoggerListener.log Java Home:             /Library/Java/JavaVirtualMachines/jdk-17.jdk/Contents/Home
25-Dec-2025 14:35:24.372 INFO [main] org.apache.catalina.startup.VersionLoggerListener.log JVM Version:           17.0.14+8-LTS-191
25-Dec-2025 14:35:24.372 INFO [main] org.apache.catalina.startup.VersionLoggerListener.log JVM Vendor:            Oracle Corporation
25-Dec-2025 14:35:24.372 INFO [main] org.apache.catalina.startup.VersionLoggerListener.log CATALINA_BASE:         /Users/apache-tomcat-10.1.39
25-Dec-2025 14:35:24.372 INFO [main] org.apache.catalina.startup.VersionLoggerListener.log CATALINA_HOME:         /Users/apache-tomcat-10.1.39
25-Dec-2025 14:35:24.376 INFO [main] org.apache.catalina.startup.VersionLoggerListener.log Command line argument: -Djava.util.logging.config.file=/Users/apache-tomcat-10.1.39/conf/logging.properties
25-Dec-2025 14:35:24.376 INFO [main] org.apache.catalina.startup.VersionLoggerListener.log Command line argument: -Djava.util.logging.manager=org.apache.juli.ClassLoaderLogManager
25-Dec-2025 14:35:24.376 INFO [main] org.apache.catalina.startup.VersionLoggerListener.log Command line argument: -Xmx512M
25-Dec-2025 14:35:24.376 INFO [main] org.apache.catalina.startup.VersionLoggerListener.log Command line argument: -Xms64M
25-Dec-2025 14:35:24.376 INFO [main] org.apache.catalina.startup.VersionLoggerListener.log Command line argument: -Dfile.encoding=UTF-8
25-Dec-2025 14:35:24.376 INFO [main] org.apache.catalina.startup.VersionLoggerListener.log Command line argument: -Djdk.tls.ephemeralDHKeySize=2048
25-Dec-2025 14:35:24.376 INFO [main] org.apache.catalina.startup.VersionLoggerListener.log Command line argument: -Djava.protocol.handler.pkgs=org.apache.catalina.webresources
25-Dec-2025 14:35:24.376 INFO [main] org.apache.catalina.startup.VersionLoggerListener.log Command line argument: -Dsun.io.useCanonCaches=false
25-Dec-2025 14:35:24.376 INFO [main] org.apache.catalina.startup.VersionLoggerListener.log Command line argument: -Dorg.apache.catalina.security.SecurityListener.UMASK=0027
25-Dec-2025 14:35:24.376 INFO [main] org.apache.catalina.startup.VersionLoggerListener.log Command line argument: --add-opens=java.base/java.lang=ALL-UNNAMED
25-Dec-2025 14:35:24.376 INFO [main] org.apache.catalina.startup.VersionLoggerListener.log Command line argument: --add-opens=java.base/java.lang.reflect=ALL-UNNAMED
25-Dec-2025 14:35:24.376 INFO [main] org.apache.catalina.startup.VersionLoggerListener.log Command line argument: --add-opens=java.base/java.io=ALL-UNNAMED
25-Dec-2025 14:35:24.376 INFO [main] org.apache.catalina.startup.VersionLoggerListener.log Command line argument: --add-opens=java.base/java.util=ALL-UNNAMED
25-Dec-2025 14:35:24.376 INFO [main] org.apache.catalina.startup.VersionLoggerListener.log Command line argument: --add-opens=java.base/java.util.concurrent=ALL-UNNAMED
25-Dec-2025 14:35:24.376 INFO [main] org.apache.catalina.startup.VersionLoggerListener.log Command line argument: --add-opens=java.rmi/sun.rmi.transport=ALL-UNNAMED
25-Dec-2025 14:35:24.376 INFO [main] org.apache.catalina.startup.VersionLoggerListener.log Command line argument: -Dcatalina.base=/Users/apache-tomcat-10.1.39
25-Dec-2025 14:35:24.376 INFO [main] org.apache.catalina.startup.VersionLoggerListener.log Command line argument: -Dcatalina.home=/Users/apache-tomcat-10.1.39
25-Dec-2025 14:35:24.376 INFO [main] org.apache.catalina.startup.VersionLoggerListener.log Command line argument: -Djava.io.tmpdir=/Users/apache-tomcat-10.1.39/temp
25-Dec-2025 14:35:24.382 INFO [main] org.apache.catalina.core.AprLifecycleListener.lifecycleEvent The Apache Tomcat Native library which allows using OpenSSL was not found on the java.library.path: [/Users/abhisheksingh/Library/Java/Extensions:/Library/Java/Extensions:/Network/Library/Java/Extensions:/System/Library/Java/Extensions:/usr/lib/java:.]
25-Dec-2025 14:35:24.478 INFO [main] org.apache.coyote.AbstractProtocol.init Initializing ProtocolHandler ["http-nio-8080"]
25-Dec-2025 14:35:24.494 INFO [main] org.apache.catalina.startup.Catalina.load Server initialization in [196] milliseconds
25-Dec-2025 14:35:24.509 INFO [main] org.apache.catalina.core.StandardService.startInternal Starting service [Catalina]
25-Dec-2025 14:35:24.509 INFO [main] org.apache.catalina.core.StandardEngine.startInternal Starting Servlet engine: [Apache Tomcat/10.1.39]
25-Dec-2025 14:35:24.512 INFO [main] org.apache.catalina.startup.HostConfig.deployDirectory Deploying web application directory [/Users/apache-tomcat-10.1.39/webapps/server]
25-Dec-2025 14:35:28.958 INFO [main] org.apache.jasper.servlet.TldScanner.scanJars At least one JAR was scanned for TLDs yet contained no TLDs. Enable debug logging for this logger for a complete list of JARs that were scanned but no TLDs were found in them. Skipping unneeded JARs during scanning can improve startup time and JSP compilation time.
25-Dec-2025 14:35:38.509 INFO [main] org.apache.catalina.startup.HostConfig.deployDirectory Deployment of web application directory [/Users/apache-tomcat-10.1.39/webapps/server] has finished in [13,998] ms
25-Dec-2025 14:35:38.509 INFO [main] org.apache.catalina.startup.HostConfig.deployDirectory Deploying web application directory [/Users/apache-tomcat-10.1.39/webapps/docs]
25-Dec-2025 14:35:38.517 INFO [main] org.apache.catalina.startup.HostConfig.deployDirectory Deployment of web application directory [/Users/apache-tomcat-10.1.39/webapps/docs] has finished in [8] ms
25-Dec-2025 14:35:38.518 INFO [main] org.apache.catalina.startup.HostConfig.deployDirectory Deploying web application directory [/Users/apache-tomcat-10.1.39/webapps/manager]
25-Dec-2025 14:35:38.527 INFO [main] org.apache.catalina.startup.HostConfig.deployDirectory Deployment of web application directory [/Users/apache-tomcat-10.1.39/webapps/manager] has finished in [9] ms
25-Dec-2025 14:35:38.527 INFO [main] org.apache.catalina.startup.HostConfig.deployDirectory Deploying web application directory [/Users/apache-tomcat-10.1.39/webapps/examples]
25-Dec-2025 14:35:38.586 INFO [main] org.apache.catalina.startup.HostConfig.deployDirectory Deployment of web application directory [/Users/apache-tomcat-10.1.39/webapps/examples] has finished in [59] ms
25-Dec-2025 14:35:38.586 INFO [main] org.apache.catalina.startup.HostConfig.deployDirectory Deploying web application directory [/Users/apache-tomcat-10.1.39/webapps/ROOT]
25-Dec-2025 14:35:38.591 INFO [main] org.apache.catalina.startup.HostConfig.deployDirectory Deployment of web application directory [/Users/apache-tomcat-10.1.39/webapps/ROOT] has finished in [5] ms
25-Dec-2025 14:35:38.591 INFO [main] org.apache.catalina.startup.HostConfig.deployDirectory Deploying web application directory [/Users/apache-tomcat-10.1.39/webapps/host-manager]
25-Dec-2025 14:35:38.596 INFO [main] org.apache.catalina.startup.HostConfig.deployDirectory Deployment of web application directory [/Users/apache-tomcat-10.1.39/webapps/host-manager] has finished in [5] ms
25-Dec-2025 14:35:38.598 INFO [main] org.apache.coyote.AbstractProtocol.start Starting ProtocolHandler ["http-nio-8080"]
25-Dec-2025 14:35:38.608 INFO [main] org.apache.catalina.startup.Catalina.start Server startup in [14114] milliseconds
